{"D:\\Repos\\CertsyCodingTest\\app\\IOManager.js": {"path":"D:\\Repos\\CertsyCodingTest\\app\\IOManager.js","statementMap":{"0":{"start":{"line":1,"column":21},"end":{"line":4,"column":1}},"1":{"start":{"line":6,"column":20},"end":{"line":8,"column":1}},"2":{"start":{"line":7,"column":2},"end":{"line":7,"column":30}},"3":{"start":{"line":10,"column":21},"end":{"line":12,"column":1}},"4":{"start":{"line":11,"column":2},"end":{"line":11,"column":44}},"5":{"start":{"line":14,"column":0},"end":{"line":18,"column":2}}},"fnMap":{"0":{"name":"(anonymous_0)","decl":{"start":{"line":6,"column":20},"end":{"line":6,"column":21}},"loc":{"start":{"line":6,"column":26},"end":{"line":8,"column":1}},"line":6},"1":{"name":"(anonymous_1)","decl":{"start":{"line":10,"column":21},"end":{"line":10,"column":22}},"loc":{"start":{"line":10,"column":32},"end":{"line":12,"column":1}},"line":10}},"branchMap":{},"s":{"0":0,"1":0,"2":0,"3":0,"4":0,"5":0},"f":{"0":0,"1":0},"b":{}}
,"D:\\Repos\\CertsyCodingTest\\app\\playgroundMap.js": {"path":"D:\\Repos\\CertsyCodingTest\\app\\playgroundMap.js","statementMap":{"0":{"start":{"line":5,"column":4},"end":{"line":5,"column":40}},"1":{"start":{"line":6,"column":4},"end":{"line":6,"column":43}},"2":{"start":{"line":10,"column":4},"end":{"line":10,"column":67}},"3":{"start":{"line":14,"column":4},"end":{"line":17,"column":6}},"4":{"start":{"line":21,"column":0},"end":{"line":21,"column":31}}},"fnMap":{"0":{"name":"(anonymous_0)","decl":{"start":{"line":4,"column":2},"end":{"line":4,"column":3}},"loc":{"start":{"line":4,"column":37},"end":{"line":7,"column":3}},"line":4},"1":{"name":"(anonymous_1)","decl":{"start":{"line":9,"column":2},"end":{"line":9,"column":3}},"loc":{"start":{"line":9,"column":25},"end":{"line":11,"column":3}},"line":9},"2":{"name":"(anonymous_2)","decl":{"start":{"line":13,"column":2},"end":{"line":13,"column":3}},"loc":{"start":{"line":13,"column":18},"end":{"line":18,"column":3}},"line":13}},"branchMap":{"0":{"loc":{"start":{"line":4,"column":14},"end":{"line":4,"column":23}},"type":"default-arg","locations":[{"start":{"line":4,"column":22},"end":{"line":4,"column":23}}],"line":4},"1":{"loc":{"start":{"line":4,"column":25},"end":{"line":4,"column":35}},"type":"default-arg","locations":[{"start":{"line":4,"column":34},"end":{"line":4,"column":35}}],"line":4},"2":{"loc":{"start":{"line":5,"column":18},"end":{"line":5,"column":39}},"type":"cond-expr","locations":[{"start":{"line":5,"column":30},"end":{"line":5,"column":31}},{"start":{"line":5,"column":34},"end":{"line":5,"column":39}}],"line":5},"3":{"loc":{"start":{"line":6,"column":19},"end":{"line":6,"column":42}},"type":"cond-expr","locations":[{"start":{"line":6,"column":32},"end":{"line":6,"column":33}},{"start":{"line":6,"column":36},"end":{"line":6,"column":42}}],"line":6},"4":{"loc":{"start":{"line":10,"column":11},"end":{"line":10,"column":66}},"type":"binary-expr","locations":[{"start":{"line":10,"column":11},"end":{"line":10,"column":17}},{"start":{"line":10,"column":21},"end":{"line":10,"column":36}},{"start":{"line":10,"column":40},"end":{"line":10,"column":46}},{"start":{"line":10,"column":50},"end":{"line":10,"column":66}}],"line":10}},"s":{"0":15,"1":15,"2":23,"3":3,"4":2},"f":{"0":15,"1":23,"2":3},"b":{"0":[1],"1":[1],"2":[1,14],"3":[1,14],"4":[23,22,19,18]},"_coverageSchema":"1a1c01bbd47fc00a2c39e90264f33305004495a9","hash":"0c90c42cb791b152a3f3013c5eed5030759510af"}
,"D:\\Repos\\CertsyCodingTest\\app\\robot.js": {"path":"D:\\Repos\\CertsyCodingTest\\app\\robot.js","statementMap":{"0":{"start":{"line":2,"column":37},"end":{"line":2,"column":73}},"1":{"start":{"line":3,"column":28},"end":{"line":3,"column":62}},"2":{"start":{"line":4,"column":14},"end":{"line":4,"column":40}},"3":{"start":{"line":5,"column":14},"end":{"line":5,"column":40}},"4":{"start":{"line":6,"column":17},"end":{"line":6,"column":46}},"5":{"start":{"line":7,"column":18},"end":{"line":7,"column":48}},"6":{"start":{"line":11,"column":4},"end":{"line":11,"column":40}},"7":{"start":{"line":12,"column":4},"end":{"line":12,"column":32}},"8":{"start":{"line":13,"column":4},"end":{"line":13,"column":32}},"9":{"start":{"line":14,"column":4},"end":{"line":18,"column":6}},"10":{"start":{"line":22,"column":4},"end":{"line":24,"column":5}},"11":{"start":{"line":23,"column":6},"end":{"line":23,"column":77}},"12":{"start":{"line":25,"column":15},"end":{"line":25,"column":38}},"13":{"start":{"line":26,"column":15},"end":{"line":26,"column":38}},"14":{"start":{"line":28,"column":4},"end":{"line":50,"column":5}},"15":{"start":{"line":30,"column":8},"end":{"line":30,"column":15}},"16":{"start":{"line":31,"column":8},"end":{"line":31,"column":14}},"17":{"start":{"line":34,"column":8},"end":{"line":34,"column":15}},"18":{"start":{"line":35,"column":8},"end":{"line":35,"column":14}},"19":{"start":{"line":38,"column":8},"end":{"line":38,"column":15}},"20":{"start":{"line":39,"column":8},"end":{"line":39,"column":14}},"21":{"start":{"line":42,"column":8},"end":{"line":42,"column":15}},"22":{"start":{"line":43,"column":8},"end":{"line":43,"column":14}},"23":{"start":{"line":46,"column":8},"end":{"line":48,"column":10}},"24":{"start":{"line":52,"column":4},"end":{"line":54,"column":5}},"25":{"start":{"line":53,"column":6},"end":{"line":53,"column":78}},"26":{"start":{"line":56,"column":4},"end":{"line":56,"column":35}},"27":{"start":{"line":57,"column":4},"end":{"line":57,"column":35}},"28":{"start":{"line":61,"column":4},"end":{"line":63,"column":5}},"29":{"start":{"line":62,"column":6},"end":{"line":62,"column":74}},"30":{"start":{"line":65,"column":4},"end":{"line":67,"column":5}},"31":{"start":{"line":66,"column":6},"end":{"line":66,"column":73}},"32":{"start":{"line":68,"column":15},"end":{"line":68,"column":26}},"33":{"start":{"line":69,"column":15},"end":{"line":69,"column":26}},"34":{"start":{"line":71,"column":4},"end":{"line":73,"column":5}},"35":{"start":{"line":72,"column":6},"end":{"line":72,"column":80}},"36":{"start":{"line":75,"column":4},"end":{"line":79,"column":5}},"37":{"start":{"line":76,"column":6},"end":{"line":78,"column":8}},"38":{"start":{"line":80,"column":4},"end":{"line":84,"column":5}},"39":{"start":{"line":81,"column":6},"end":{"line":83,"column":8}},"40":{"start":{"line":86,"column":4},"end":{"line":90,"column":6}},"41":{"start":{"line":92,"column":4},"end":{"line":92,"column":31}},"42":{"start":{"line":96,"column":4},"end":{"line":98,"column":5}},"43":{"start":{"line":97,"column":6},"end":{"line":97,"column":77}},"44":{"start":{"line":99,"column":25},"end":{"line":99,"column":66}},"45":{"start":{"line":100,"column":4},"end":{"line":101,"column":44}},"46":{"start":{"line":105,"column":4},"end":{"line":107,"column":5}},"47":{"start":{"line":106,"column":6},"end":{"line":106,"column":77}},"48":{"start":{"line":108,"column":25},"end":{"line":108,"column":66}},"49":{"start":{"line":109,"column":4},"end":{"line":110,"column":45}},"50":{"start":{"line":114,"column":4},"end":{"line":116,"column":5}},"51":{"start":{"line":115,"column":6},"end":{"line":115,"column":77}},"52":{"start":{"line":117,"column":4},"end":{"line":121,"column":6}},"53":{"start":{"line":125,"column":0},"end":{"line":125,"column":23}}},"fnMap":{"0":{"name":"(anonymous_0)","decl":{"start":{"line":10,"column":2},"end":{"line":10,"column":3}},"loc":{"start":{"line":10,"column":40},"end":{"line":19,"column":3}},"line":10},"1":{"name":"(anonymous_1)","decl":{"start":{"line":21,"column":2},"end":{"line":21,"column":3}},"loc":{"start":{"line":21,"column":9},"end":{"line":58,"column":3}},"line":21},"2":{"name":"(anonymous_2)","decl":{"start":{"line":60,"column":2},"end":{"line":60,"column":3}},"loc":{"start":{"line":60,"column":25},"end":{"line":93,"column":3}},"line":60},"3":{"name":"(anonymous_3)","decl":{"start":{"line":95,"column":2},"end":{"line":95,"column":3}},"loc":{"start":{"line":95,"column":10},"end":{"line":102,"column":3}},"line":95},"4":{"name":"(anonymous_4)","decl":{"start":{"line":104,"column":2},"end":{"line":104,"column":3}},"loc":{"start":{"line":104,"column":9},"end":{"line":111,"column":3}},"line":104},"5":{"name":"(anonymous_5)","decl":{"start":{"line":113,"column":2},"end":{"line":113,"column":3}},"loc":{"start":{"line":113,"column":11},"end":{"line":122,"column":3}},"line":113}},"branchMap":{"0":{"loc":{"start":{"line":22,"column":4},"end":{"line":24,"column":5}},"type":"if","locations":[{"start":{"line":22,"column":4},"end":{"line":24,"column":5}},{"start":{"line":22,"column":4},"end":{"line":24,"column":5}}],"line":22},"1":{"loc":{"start":{"line":28,"column":4},"end":{"line":50,"column":5}},"type":"switch","locations":[{"start":{"line":29,"column":6},"end":{"line":32,"column":7}},{"start":{"line":33,"column":6},"end":{"line":36,"column":7}},{"start":{"line":37,"column":6},"end":{"line":40,"column":7}},{"start":{"line":41,"column":6},"end":{"line":44,"column":7}},{"start":{"line":45,"column":6},"end":{"line":49,"column":7}}],"line":28},"2":{"loc":{"start":{"line":52,"column":4},"end":{"line":54,"column":5}},"type":"if","locations":[{"start":{"line":52,"column":4},"end":{"line":54,"column":5}},{"start":{"line":52,"column":4},"end":{"line":54,"column":5}}],"line":52},"3":{"loc":{"start":{"line":61,"column":4},"end":{"line":63,"column":5}},"type":"if","locations":[{"start":{"line":61,"column":4},"end":{"line":63,"column":5}},{"start":{"line":61,"column":4},"end":{"line":63,"column":5}}],"line":61},"4":{"loc":{"start":{"line":65,"column":4},"end":{"line":67,"column":5}},"type":"if","locations":[{"start":{"line":65,"column":4},"end":{"line":67,"column":5}},{"start":{"line":65,"column":4},"end":{"line":67,"column":5}}],"line":65},"5":{"loc":{"start":{"line":65,"column":8},"end":{"line":65,"column":28}},"type":"binary-expr","locations":[{"start":{"line":65,"column":8},"end":{"line":65,"column":16}},{"start":{"line":65,"column":20},"end":{"line":65,"column":28}}],"line":65},"6":{"loc":{"start":{"line":71,"column":4},"end":{"line":73,"column":5}},"type":"if","locations":[{"start":{"line":71,"column":4},"end":{"line":73,"column":5}},{"start":{"line":71,"column":4},"end":{"line":73,"column":5}}],"line":71},"7":{"loc":{"start":{"line":71,"column":8},"end":{"line":71,"column":30}},"type":"binary-expr","locations":[{"start":{"line":71,"column":8},"end":{"line":71,"column":17}},{"start":{"line":71,"column":21},"end":{"line":71,"column":30}}],"line":71},"8":{"loc":{"start":{"line":75,"column":4},"end":{"line":79,"column":5}},"type":"if","locations":[{"start":{"line":75,"column":4},"end":{"line":79,"column":5}},{"start":{"line":75,"column":4},"end":{"line":79,"column":5}}],"line":75},"9":{"loc":{"start":{"line":80,"column":4},"end":{"line":84,"column":5}},"type":"if","locations":[{"start":{"line":80,"column":4},"end":{"line":84,"column":5}},{"start":{"line":80,"column":4},"end":{"line":84,"column":5}}],"line":80},"10":{"loc":{"start":{"line":96,"column":4},"end":{"line":98,"column":5}},"type":"if","locations":[{"start":{"line":96,"column":4},"end":{"line":98,"column":5}},{"start":{"line":96,"column":4},"end":{"line":98,"column":5}}],"line":96},"11":{"loc":{"start":{"line":101,"column":6},"end":{"line":101,"column":43}},"type":"cond-expr","locations":[{"start":{"line":101,"column":27},"end":{"line":101,"column":28}},{"start":{"line":101,"column":31},"end":{"line":101,"column":43}}],"line":101},"12":{"loc":{"start":{"line":105,"column":4},"end":{"line":107,"column":5}},"type":"if","locations":[{"start":{"line":105,"column":4},"end":{"line":107,"column":5}},{"start":{"line":105,"column":4},"end":{"line":107,"column":5}}],"line":105},"13":{"loc":{"start":{"line":110,"column":6},"end":{"line":110,"column":44}},"type":"cond-expr","locations":[{"start":{"line":110,"column":28},"end":{"line":110,"column":29}},{"start":{"line":110,"column":32},"end":{"line":110,"column":44}}],"line":110},"14":{"loc":{"start":{"line":114,"column":4},"end":{"line":116,"column":5}},"type":"if","locations":[{"start":{"line":114,"column":4},"end":{"line":116,"column":5}},{"start":{"line":114,"column":4},"end":{"line":116,"column":5}}],"line":114}},"s":{"0":1,"1":1,"2":1,"3":1,"4":1,"5":1,"6":11,"7":11,"8":11,"9":11,"10":8,"11":1,"12":7,"13":7,"14":7,"15":1,"16":1,"17":1,"18":1,"19":4,"20":4,"21":1,"22":1,"23":0,"24":7,"25":1,"26":6,"27":6,"28":14,"29":1,"30":13,"31":1,"32":12,"33":12,"34":12,"35":1,"36":11,"37":1,"38":10,"39":1,"40":9,"41":9,"42":6,"43":1,"44":5,"45":5,"46":6,"47":1,"48":5,"49":5,"50":15,"51":1,"52":14,"53":1},"f":{"0":11,"1":8,"2":14,"3":6,"4":6,"5":15},"b":{"0":[1,7],"1":[1,1,4,1,0],"2":[1,6],"3":[1,13],"4":[1,12],"5":[13,12],"6":[1,11],"7":[12,11],"8":[1,10],"9":[1,9],"10":[1,5],"11":[1,4],"12":[1,5],"13":[1,4],"14":[1,14]},"_coverageSchema":"1a1c01bbd47fc00a2c39e90264f33305004495a9","hash":"e717d5ff7c9990d4c8e0aca1dbf5e05505783580"}
,"D:\\Repos\\CertsyCodingTest\\app\\toyRobotApp.js": {"path":"D:\\Repos\\CertsyCodingTest\\app\\toyRobotApp.js","statementMap":{"0":{"start":{"line":3,"column":14},"end":{"line":3,"column":32}},"1":{"start":{"line":4,"column":22},"end":{"line":4,"column":48}},"2":{"start":{"line":5,"column":18},"end":{"line":5,"column":40}},"3":{"start":{"line":6,"column":40},"end":{"line":6,"column":74}},"4":{"start":{"line":8,"column":11},"end":{"line":8,"column":24}},"5":{"start":{"line":9,"column":17},"end":{"line":9,"column":36}},"6":{"start":{"line":10,"column":13},"end":{"line":10,"column":28}},"7":{"start":{"line":12,"column":13},"end":{"line":12,"column":34}},"8":{"start":{"line":14,"column":32},"end":{"line":29,"column":1}},"9":{"start":{"line":15,"column":16},"end":{"line":15,"column":49}},"10":{"start":{"line":16,"column":2},"end":{"line":18,"column":3}},"11":{"start":{"line":17,"column":4},"end":{"line":17,"column":60}},"12":{"start":{"line":20,"column":24},"end":{"line":24,"column":4}},"13":{"start":{"line":26,"column":2},"end":{"line":28,"column":5}},"14":{"start":{"line":27,"column":4},"end":{"line":27,"column":25}},"15":{"start":{"line":31,"column":23},"end":{"line":55,"column":1}},"16":{"start":{"line":32,"column":2},"end":{"line":54,"column":3}},"17":{"start":{"line":33,"column":22},"end":{"line":33,"column":47}},"18":{"start":{"line":34,"column":4},"end":{"line":50,"column":5}},"19":{"start":{"line":35,"column":29},"end":{"line":35,"column":51}},"20":{"start":{"line":36,"column":6},"end":{"line":36,"column":35}},"21":{"start":{"line":37,"column":11},"end":{"line":50,"column":5}},"22":{"start":{"line":38,"column":6},"end":{"line":38,"column":25}},"23":{"start":{"line":39,"column":11},"end":{"line":50,"column":5}},"24":{"start":{"line":40,"column":6},"end":{"line":40,"column":25}},"25":{"start":{"line":41,"column":11},"end":{"line":50,"column":5}},"26":{"start":{"line":42,"column":6},"end":{"line":42,"column":26}},"27":{"start":{"line":43,"column":11},"end":{"line":50,"column":5}},"28":{"start":{"line":44,"column":6},"end":{"line":44,"column":27}},"29":{"start":{"line":45,"column":11},"end":{"line":50,"column":5}},"30":{"start":{"line":46,"column":6},"end":{"line":46,"column":52}},"31":{"start":{"line":47,"column":6},"end":{"line":47,"column":21}},"32":{"start":{"line":49,"column":6},"end":{"line":49,"column":64}},"33":{"start":{"line":52,"column":4},"end":{"line":52,"column":34}},"34":{"start":{"line":53,"column":4},"end":{"line":53,"column":60}},"35":{"start":{"line":57,"column":0},"end":{"line":57,"column":49}},"36":{"start":{"line":59,"column":0},"end":{"line":71,"column":2}},"37":{"start":{"line":61,"column":27},"end":{"line":61,"column":50}},"38":{"start":{"line":62,"column":4},"end":{"line":62,"column":55}},"39":{"start":{"line":63,"column":4},"end":{"line":69,"column":5}},"40":{"start":{"line":64,"column":6},"end":{"line":64,"column":60}},"41":{"start":{"line":65,"column":6},"end":{"line":65,"column":39}},"42":{"start":{"line":67,"column":6},"end":{"line":67,"column":59}},"43":{"start":{"line":68,"column":6},"end":{"line":68,"column":30}}},"fnMap":{"0":{"name":"(anonymous_0)","decl":{"start":{"line":14,"column":32},"end":{"line":14,"column":33}},"loc":{"start":{"line":14,"column":44},"end":{"line":29,"column":1}},"line":14},"1":{"name":"(anonymous_1)","decl":{"start":{"line":26,"column":27},"end":{"line":26,"column":28}},"loc":{"start":{"line":26,"column":42},"end":{"line":28,"column":3}},"line":26},"2":{"name":"(anonymous_2)","decl":{"start":{"line":31,"column":23},"end":{"line":31,"column":24}},"loc":{"start":{"line":31,"column":34},"end":{"line":55,"column":1}},"line":31},"3":{"name":"(anonymous_3)","decl":{"start":{"line":60,"column":9},"end":{"line":60,"column":10}},"loc":{"start":{"line":60,"column":15},"end":{"line":70,"column":3}},"line":60}},"branchMap":{"0":{"loc":{"start":{"line":16,"column":2},"end":{"line":18,"column":3}},"type":"if","locations":[{"start":{"line":16,"column":2},"end":{"line":18,"column":3}},{"start":{"line":16,"column":2},"end":{"line":18,"column":3}}],"line":16},"1":{"loc":{"start":{"line":34,"column":4},"end":{"line":50,"column":5}},"type":"if","locations":[{"start":{"line":34,"column":4},"end":{"line":50,"column":5}},{"start":{"line":34,"column":4},"end":{"line":50,"column":5}}],"line":34},"2":{"loc":{"start":{"line":37,"column":11},"end":{"line":50,"column":5}},"type":"if","locations":[{"start":{"line":37,"column":11},"end":{"line":50,"column":5}},{"start":{"line":37,"column":11},"end":{"line":50,"column":5}}],"line":37},"3":{"loc":{"start":{"line":39,"column":11},"end":{"line":50,"column":5}},"type":"if","locations":[{"start":{"line":39,"column":11},"end":{"line":50,"column":5}},{"start":{"line":39,"column":11},"end":{"line":50,"column":5}}],"line":39},"4":{"loc":{"start":{"line":41,"column":11},"end":{"line":50,"column":5}},"type":"if","locations":[{"start":{"line":41,"column":11},"end":{"line":50,"column":5}},{"start":{"line":41,"column":11},"end":{"line":50,"column":5}}],"line":41},"5":{"loc":{"start":{"line":43,"column":11},"end":{"line":50,"column":5}},"type":"if","locations":[{"start":{"line":43,"column":11},"end":{"line":50,"column":5}},{"start":{"line":43,"column":11},"end":{"line":50,"column":5}}],"line":43},"6":{"loc":{"start":{"line":45,"column":11},"end":{"line":50,"column":5}},"type":"if","locations":[{"start":{"line":45,"column":11},"end":{"line":50,"column":5}},{"start":{"line":45,"column":11},"end":{"line":50,"column":5}}],"line":45},"7":{"loc":{"start":{"line":63,"column":4},"end":{"line":69,"column":5}},"type":"if","locations":[{"start":{"line":63,"column":4},"end":{"line":69,"column":5}},{"start":{"line":63,"column":4},"end":{"line":69,"column":5}}],"line":63},"8":{"loc":{"start":{"line":63,"column":8},"end":{"line":63,"column":27}},"type":"binary-expr","locations":[{"start":{"line":63,"column":8},"end":{"line":63,"column":12}},{"start":{"line":63,"column":16},"end":{"line":63,"column":27}}],"line":63}},"s":{"0":0,"1":0,"2":0,"3":0,"4":0,"5":0,"6":0,"7":0,"8":0,"9":0,"10":0,"11":0,"12":0,"13":0,"14":0,"15":0,"16":0,"17":0,"18":0,"19":0,"20":0,"21":0,"22":0,"23":0,"24":0,"25":0,"26":0,"27":0,"28":0,"29":0,"30":0,"31":0,"32":0,"33":0,"34":0,"35":0,"36":0,"37":0,"38":0,"39":0,"40":0,"41":0,"42":0,"43":0},"f":{"0":0,"1":0,"2":0,"3":0},"b":{"0":[0,0],"1":[0,0],"2":[0,0],"3":[0,0],"4":[0,0],"5":[0,0],"6":[0,0],"7":[0,0],"8":[0,0]}}
,"D:\\Repos\\CertsyCodingTest\\app\\helpers\\directionHelper.js": {"path":"D:\\Repos\\CertsyCodingTest\\app\\helpers\\directionHelper.js","statementMap":{"0":{"start":{"line":1,"column":18},"end":{"line":6,"column":1}},"1":{"start":{"line":8,"column":22},"end":{"line":21,"column":1}},"2":{"start":{"line":9,"column":2},"end":{"line":20,"column":3}},"3":{"start":{"line":11,"column":6},"end":{"line":11,"column":21}},"4":{"start":{"line":13,"column":6},"end":{"line":13,"column":20}},"5":{"start":{"line":15,"column":6},"end":{"line":15,"column":21}},"6":{"start":{"line":17,"column":6},"end":{"line":17,"column":20}},"7":{"start":{"line":19,"column":6},"end":{"line":19,"column":12}},"8":{"start":{"line":22,"column":0},"end":{"line":25,"column":2}}},"fnMap":{"0":{"name":"(anonymous_0)","decl":{"start":{"line":8,"column":22},"end":{"line":8,"column":23}},"loc":{"start":{"line":8,"column":35},"end":{"line":21,"column":1}},"line":8}},"branchMap":{"0":{"loc":{"start":{"line":9,"column":2},"end":{"line":20,"column":3}},"type":"switch","locations":[{"start":{"line":10,"column":4},"end":{"line":11,"column":21}},{"start":{"line":12,"column":4},"end":{"line":13,"column":20}},{"start":{"line":14,"column":4},"end":{"line":15,"column":21}},{"start":{"line":16,"column":4},"end":{"line":17,"column":20}},{"start":{"line":18,"column":4},"end":{"line":19,"column":12}}],"line":9}},"s":{"0":2,"1":2,"2":19,"3":4,"4":5,"5":5,"6":4,"7":1,"8":2},"f":{"0":19},"b":{"0":[4,5,5,4,1]},"_coverageSchema":"1a1c01bbd47fc00a2c39e90264f33305004495a9","hash":"3122bc9d86c26e747102860960b00d44b2d1aa1c"}
,"D:\\Repos\\CertsyCodingTest\\app\\helpers\\messageHelper.js": {"path":"D:\\Repos\\CertsyCodingTest\\app\\helpers\\messageHelper.js","statementMap":{"0":{"start":{"line":1,"column":29},"end":{"line":1,"column":61}},"1":{"start":{"line":3,"column":24},"end":{"line":3,"column":50}},"2":{"start":{"line":3,"column":32},"end":{"line":3,"column":50}},"3":{"start":{"line":4,"column":19},"end":{"line":4,"column":47}},"4":{"start":{"line":4,"column":27},"end":{"line":4,"column":47}},"5":{"start":{"line":6,"column":0},"end":{"line":6,"column":49}}},"fnMap":{"0":{"name":"(anonymous_0)","decl":{"start":{"line":3,"column":24},"end":{"line":3,"column":25}},"loc":{"start":{"line":3,"column":32},"end":{"line":3,"column":50}},"line":3},"1":{"name":"(anonymous_1)","decl":{"start":{"line":4,"column":19},"end":{"line":4,"column":20}},"loc":{"start":{"line":4,"column":27},"end":{"line":4,"column":47}},"line":4}},"branchMap":{"0":{"loc":{"start":{"line":3,"column":32},"end":{"line":3,"column":50}},"type":"binary-expr","locations":[{"start":{"line":3,"column":32},"end":{"line":3,"column":44}},{"start":{"line":3,"column":48},"end":{"line":3,"column":50}}],"line":3},"1":{"loc":{"start":{"line":4,"column":27},"end":{"line":4,"column":47}},"type":"binary-expr","locations":[{"start":{"line":4,"column":27},"end":{"line":4,"column":41}},{"start":{"line":4,"column":45},"end":{"line":4,"column":47}}],"line":4}},"s":{"0":0,"1":0,"2":0,"3":0,"4":0,"5":0},"f":{"0":0,"1":0},"b":{"0":[0,0],"1":[0,0]}}
}
